<?xml version="1.0" encoding="UTF-8"?>
<!-- Generated by org.testng.reporters.JUnitReportReporter -->
<testsuite hostname="Arun" failures="0" tests="2" name="pac2.OrgTest" time="0.003" errors="0" timestamp="2025-03-09T13:40:02 IST" skipped="0">
  <testcase classname="pac2.OrgTest" name="createorgTest" time="0.002"/>
  <testcase classname="pac2.OrgTest" name="modifyorgTest" time="0.001"/>
</testsuite> <!-- pac2.OrgTest -->
