<?xml version="1.0" encoding="UTF-8"?>
<!-- Generated by org.testng.reporters.JUnitReportReporter -->
<testsuite hostname="Arun" failures="0" tests="2" name="pac1.ContactTest" time="0.007" errors="0" timestamp="2025-03-09T13:40:02 IST" skipped="0">
  <testcase classname="pac1.ContactTest" name="createcontactTest" time="0.005"/>
  <testcase classname="pac1.ContactTest" name="modifycontactTest" time="0.002"/>
</testsuite> <!-- pac1.ContactTest -->
